aaa has joined our chat...
aaa has left our chat...
zzzz has joined our chat...
zzzz has left our chat...
fvdv has joined our chat...
fefewfef has joined our chat...
fefewfef has left our chat...
fvdv has left our chat...
zzzzzz has joined our chat...
zzzzzz has left our chat...
azeazeazeaze has joined our chat...
azeazeazeaze has left our chat...
lalalal has joined our chat...
hatim has joined our chat...
zzzzzzzz has joined our chat...
azkeyzaieaz has joined our chat...
loazepzaieaoze has joined our chat...
sssssssssss has joined our chat...
zzzzzzzzzzzzzzzzzzzzzzzzz has joined our chat...
dddddddddddd has joined our chat...
zzzzz has joined our chat...
zzzzzzzzzzz has joined our chat...
zzzzz has joined our chat...
eeeeeeee has joined our chat...
eeeeeeee has left our chat...
zzzzz has left our chat...
